Performing C SOURCE FILE Test CMAKE_HAVE_LIBC_PTHREAD failed with the following output:
Change Dir: /home/wolf/git/playground2/cpp/de_dupe/CMakeFiles/CMakeTmp

Run Build Command(s):/usr/bin/make -f Makefile cmTC_6e00f/fast && /usr/bin/make  -f CMakeFiles/cmTC_6e00f.dir/build.make CMakeFiles/cmTC_6e00f.dir/build
make[1]: Entering directory '/home/wolf/git/playground2/cpp/de_dupe/CMakeFiles/CMakeTmp'
Building C object CMakeFiles/cmTC_6e00f.dir/src.c.o
/usr/bin/clang -DCMAKE_HAVE_LIBC_PTHREAD   -MD -MT CMakeFiles/cmTC_6e00f.dir/src.c.o -MF CMakeFiles/cmTC_6e00f.dir/src.c.o.d -o CMakeFiles/cmTC_6e00f.dir/src.c.o -c /home/wolf/git/playground2/cpp/de_dupe/CMakeFiles/CMakeTmp/src.c
Linking C executable cmTC_6e00f
/usr/bin/cmake -E cmake_link_script CMakeFiles/cmTC_6e00f.dir/link.txt --verbose=1
/usr/bin/clang CMakeFiles/cmTC_6e00f.dir/src.c.o -o cmTC_6e00f 
/usr/bin/ld: CMakeFiles/cmTC_6e00f.dir/src.c.o: in function `main':
src.c:(.text+0x22): undefined reference to `pthread_create'
/usr/bin/ld: src.c:(.text+0x2e): undefined reference to `pthread_detach'
/usr/bin/ld: src.c:(.text+0x3a): undefined reference to `pthread_cancel'
/usr/bin/ld: src.c:(.text+0x4c): undefined reference to `pthread_join'
clang-11: error: linker command failed with exit code 1 (use -v to see invocation)
make[1]: *** [CMakeFiles/cmTC_6e00f.dir/build.make:100: cmTC_6e00f] Error 1
make[1]: Leaving directory '/home/wolf/git/playground2/cpp/de_dupe/CMakeFiles/CMakeTmp'
make: *** [Makefile:127: cmTC_6e00f/fast] Error 2


Source file was:
#include <pthread.h>

static void* test_func(void* data)
{
  return data;
}

int main(void)
{
  pthread_t thread;
  pthread_create(&thread, NULL, test_func, NULL);
  pthread_detach(thread);
  pthread_cancel(thread);
  pthread_join(thread, NULL);
  pthread_atfork(NULL, NULL, NULL);
  pthread_exit(NULL);

  return 0;
}

Determining if the function pthread_create exists in the pthreads failed with the following output:
Change Dir: /home/wolf/git/playground2/cpp/de_dupe/CMakeFiles/CMakeTmp

Run Build Command(s):/usr/bin/make -f Makefile cmTC_81381/fast && /usr/bin/make  -f CMakeFiles/cmTC_81381.dir/build.make CMakeFiles/cmTC_81381.dir/build
make[1]: Entering directory '/home/wolf/git/playground2/cpp/de_dupe/CMakeFiles/CMakeTmp'
Building C object CMakeFiles/cmTC_81381.dir/CheckFunctionExists.c.o
/usr/bin/clang   -DCHECK_FUNCTION_EXISTS=pthread_create -MD -MT CMakeFiles/cmTC_81381.dir/CheckFunctionExists.c.o -MF CMakeFiles/cmTC_81381.dir/CheckFunctionExists.c.o.d -o CMakeFiles/cmTC_81381.dir/CheckFunctionExists.c.o -c /usr/share/cmake-3.20/Modules/CheckFunctionExists.c
Linking C executable cmTC_81381
/usr/bin/cmake -E cmake_link_script CMakeFiles/cmTC_81381.dir/link.txt --verbose=1
/usr/bin/clang  -DCHECK_FUNCTION_EXISTS=pthread_create CMakeFiles/cmTC_81381.dir/CheckFunctionExists.c.o -o cmTC_81381  -lpthreads 
/usr/bin/ld: cannot find -lpthreads
clang-11: error: linker command failed with exit code 1 (use -v to see invocation)
make[1]: *** [CMakeFiles/cmTC_81381.dir/build.make:100: cmTC_81381] Error 1
make[1]: Leaving directory '/home/wolf/git/playground2/cpp/de_dupe/CMakeFiles/CMakeTmp'
make: *** [Makefile:127: cmTC_81381/fast] Error 2



